Start testing: Dec 24 17:25 CST
----------------------------------------------------------
1/7 Testing: router_tests
1/7 Test: router_tests
Command: "/home/dylan/code/GeckoWebFramework/build/router_tests"
Directory: /home/dylan/code/GeckoWebFramework/build
"router_tests" start time: Dec 24 17:25 CST
Output:
----------------------------------------------------------
/home/dylan/code/GeckoWebFramework/build/router_tests: /home/dylan/anaconda3/lib/libstdc++.so.6: version `GLIBCXX_3.4.32' not found (required by /home/dylan/code/GeckoWebFramework/build/router_tests)
<end of output>
Test time =   0.00 sec
----------------------------------------------------------
Test Failed.
"router_tests" end time: Dec 24 17:25 CST
"router_tests" time elapsed: 00:00:00
----------------------------------------------------------

2/7 Testing: http_basic_tests
2/7 Test: http_basic_tests
Command: "/home/dylan/code/GeckoWebFramework/build/http_basic_tests"
Directory: /home/dylan/code/GeckoWebFramework/build
"http_basic_tests" start time: Dec 24 17:25 CST
Output:
----------------------------------------------------------
/home/dylan/code/GeckoWebFramework/build/http_basic_tests: /home/dylan/anaconda3/lib/libstdc++.so.6: version `GLIBCXX_3.4.32' not found (required by /home/dylan/code/GeckoWebFramework/build/http_basic_tests)
<end of output>
Test time =   0.00 sec
----------------------------------------------------------
Test Failed.
"http_basic_tests" end time: Dec 24 17:25 CST
"http_basic_tests" time elapsed: 00:00:00
----------------------------------------------------------

3/7 Testing: http_constructors_tests
3/7 Test: http_constructors_tests
Command: "/home/dylan/code/GeckoWebFramework/build/http_constructors_tests"
Directory: /home/dylan/code/GeckoWebFramework/build
"http_constructors_tests" start time: Dec 24 17:25 CST
Output:
----------------------------------------------------------
/home/dylan/code/GeckoWebFramework/build/http_constructors_tests: /home/dylan/anaconda3/lib/libstdc++.so.6: version `GLIBCXX_3.4.32' not found (required by /home/dylan/code/GeckoWebFramework/build/http_constructors_tests)
<end of output>
Test time =   0.00 sec
----------------------------------------------------------
Test Failed.
"http_constructors_tests" end time: Dec 24 17:25 CST
"http_constructors_tests" time elapsed: 00:00:00
----------------------------------------------------------

4/7 Testing: http_error_tests
4/7 Test: http_error_tests
Command: "/home/dylan/code/GeckoWebFramework/build/http_error_tests"
Directory: /home/dylan/code/GeckoWebFramework/build
"http_error_tests" start time: Dec 24 17:25 CST
Output:
----------------------------------------------------------
/home/dylan/code/GeckoWebFramework/build/http_error_tests: /home/dylan/anaconda3/lib/libstdc++.so.6: version `GLIBCXX_3.4.32' not found (required by /home/dylan/code/GeckoWebFramework/build/http_error_tests)
<end of output>
Test time =   0.00 sec
----------------------------------------------------------
Test Failed.
"http_error_tests" end time: Dec 24 17:25 CST
"http_error_tests" time elapsed: 00:00:00
----------------------------------------------------------

5/7 Testing: http_special_case_tests
5/7 Test: http_special_case_tests
Command: "/home/dylan/code/GeckoWebFramework/build/http_special_case_tests"
Directory: /home/dylan/code/GeckoWebFramework/build
"http_special_case_tests" start time: Dec 24 17:25 CST
Output:
----------------------------------------------------------
/home/dylan/code/GeckoWebFramework/build/http_special_case_tests: /home/dylan/anaconda3/lib/libstdc++.so.6: version `GLIBCXX_3.4.32' not found (required by /home/dylan/code/GeckoWebFramework/build/http_special_case_tests)
<end of output>
Test time =   0.00 sec
----------------------------------------------------------
Test Failed.
"http_special_case_tests" end time: Dec 24 17:25 CST
"http_special_case_tests" time elapsed: 00:00:00
----------------------------------------------------------

6/7 Testing: performance_tests
6/7 Test: performance_tests
Command: "/home/dylan/code/GeckoWebFramework/build/performance_tests"
Directory: /home/dylan/code/GeckoWebFramework/build
"performance_tests" start time: Dec 24 17:25 CST
Output:
----------------------------------------------------------
/home/dylan/code/GeckoWebFramework/build/performance_tests: /home/dylan/anaconda3/lib/libstdc++.so.6: version `GLIBCXX_3.4.32' not found (required by /home/dylan/code/GeckoWebFramework/build/performance_tests)
<end of output>
Test time =   0.00 sec
----------------------------------------------------------
Test Failed.
"performance_tests" end time: Dec 24 17:25 CST
"performance_tests" time elapsed: 00:00:00
----------------------------------------------------------

7/7 Testing: cooperative_thread_pool_tests
7/7 Test: cooperative_thread_pool_tests
Command: "/home/dylan/code/GeckoWebFramework/build/cooperative_thread_pool_tests"
Directory: /home/dylan/code/GeckoWebFramework/build
"cooperative_thread_pool_tests" start time: Dec 24 17:25 CST
Output:
----------------------------------------------------------
/home/dylan/code/GeckoWebFramework/build/cooperative_thread_pool_tests: /home/dylan/anaconda3/lib/libstdc++.so.6: version `GLIBCXX_3.4.32' not found (required by /home/dylan/code/GeckoWebFramework/build/cooperative_thread_pool_tests)
/home/dylan/code/GeckoWebFramework/build/cooperative_thread_pool_tests: /home/dylan/anaconda3/lib/libstdc++.so.6: version `GLIBCXX_3.4.30' not found (required by /home/dylan/code/GeckoWebFramework/build/cooperative_thread_pool_tests)
<end of output>
Test time =   0.00 sec
----------------------------------------------------------
Test Failed.
"cooperative_thread_pool_tests" end time: Dec 24 17:25 CST
"cooperative_thread_pool_tests" time elapsed: 00:00:00
----------------------------------------------------------

End testing: Dec 24 17:25 CST
